C:\Users\Женя\Repos\kordamenta\kordamentha-pod\KM.POD\Client\dist\out-tsc\src\app\app.component.js
C:\Users\Женя\Repos\kordamenta\kordamentha-pod\KM.POD\Client\dist\out-tsc\src\app\app.component.js.map
C:\Users\Женя\Repos\kordamenta\kordamentha-pod\KM.POD\Client\dist\out-tsc\src\app\core\components\spinner\spinner.component.js
C:\Users\Женя\Repos\kordamenta\kordamentha-pod\KM.POD\Client\dist\out-tsc\src\app\core\components\spinner\spinner.component.js.map
C:\Users\Женя\Repos\kordamenta\kordamentha-pod\KM.POD\Client\dist\out-tsc\src\app\core\services\shared\global-spinner.service.js
C:\Users\Женя\Repos\kordamenta\kordamentha-pod\KM.POD\Client\dist\out-tsc\src\app\core\services\shared\global-spinner.service.js.map
C:\Users\Женя\Repos\kordamenta\kordamentha-pod\KM.POD\Client\dist\out-tsc\src\app\core\components\spinner\global-spinner.component.js
C:\Users\Женя\Repos\kordamenta\kordamentha-pod\KM.POD\Client\dist\out-tsc\src\app\core\components\spinner\global-spinner.component.js.map
C:\Users\Женя\Repos\kordamenta\kordamentha-pod\KM.POD\Client\dist\out-tsc\src\app\core\components\constants\app.constants.js
C:\Users\Женя\Repos\kordamenta\kordamentha-pod\KM.POD\Client\dist\out-tsc\src\app\core\components\constants\app.constants.js.map
C:\Users\Женя\Repos\kordamenta\kordamentha-pod\KM.POD\Client\dist\out-tsc\src\app\core\services\authentification\auth-token-provider.js
C:\Users\Женя\Repos\kordamenta\kordamentha-pod\KM.POD\Client\dist\out-tsc\src\app\core\services\authentification\auth-token-provider.js.map
C:\Users\Женя\Repos\kordamenta\kordamentha-pod\KM.POD\Client\dist\out-tsc\src\app\core\services\api\http-service.ts\request-options.js
C:\Users\Женя\Repos\kordamenta\kordamentha-pod\KM.POD\Client\dist\out-tsc\src\app\core\services\api\http-service.ts\request-options.js.map
C:\Users\Женя\Repos\kordamenta\kordamentha-pod\KM.POD\Client\dist\out-tsc\src\environments\environment.prod.js
C:\Users\Женя\Repos\kordamenta\kordamentha-pod\KM.POD\Client\dist\out-tsc\src\environments\environment.prod.js.map
C:\Users\Женя\Repos\kordamenta\kordamentha-pod\KM.POD\Client\dist\out-tsc\src\app\core\services\api\http-service.ts\http.service.js
C:\Users\Женя\Repos\kordamenta\kordamentha-pod\KM.POD\Client\dist\out-tsc\src\app\core\services\api\http-service.ts\http.service.js.map
C:\Users\Женя\Repos\kordamenta\kordamentha-pod\KM.POD\Client\dist\out-tsc\src\app\client\pages\account\models\account.model.js
C:\Users\Женя\Repos\kordamenta\kordamentha-pod\KM.POD\Client\dist\out-tsc\src\app\client\pages\account\models\account.model.js.map
C:\Users\Женя\Repos\kordamenta\kordamentha-pod\KM.POD\Client\dist\out-tsc\src\app\core\services\api\user.api.service.js
C:\Users\Женя\Repos\kordamenta\kordamentha-pod\KM.POD\Client\dist\out-tsc\src\app\core\services\api\user.api.service.js.map
C:\Users\Женя\Repos\kordamenta\kordamentha-pod\KM.POD\Client\dist\out-tsc\src\app\core\services\authentification\authentication.service.js
C:\Users\Женя\Repos\kordamenta\kordamentha-pod\KM.POD\Client\dist\out-tsc\src\app\core\services\authentification\authentication.service.js.map
C:\Users\Женя\Repos\kordamenta\kordamentha-pod\KM.POD\Client\dist\out-tsc\src\app\client\pages\sidebar\sidebar.component.js
C:\Users\Женя\Repos\kordamenta\kordamentha-pod\KM.POD\Client\dist\out-tsc\src\app\client\pages\sidebar\sidebar.component.js.map
C:\Users\Женя\Repos\kordamenta\kordamentha-pod\KM.POD\Client\dist\out-tsc\src\app\core\services\authentification\authorize.js
C:\Users\Женя\Repos\kordamenta\kordamentha-pod\KM.POD\Client\dist\out-tsc\src\app\core\services\authentification\authorize.js.map
C:\Users\Женя\Repos\kordamenta\kordamentha-pod\KM.POD\Client\dist\out-tsc\src\app\core\services\api\account.api.service.js
C:\Users\Женя\Repos\kordamenta\kordamentha-pod\KM.POD\Client\dist\out-tsc\src\app\core\services\api\account.api.service.js.map
C:\Users\Женя\Repos\kordamenta\kordamentha-pod\KM.POD\Client\dist\out-tsc\src\app\utils\validatorBuilder.js
C:\Users\Женя\Repos\kordamenta\kordamentha-pod\KM.POD\Client\dist\out-tsc\src\app\utils\validatorBuilder.js.map
C:\Users\Женя\Repos\kordamenta\kordamentha-pod\KM.POD\Client\dist\out-tsc\src\app\core\components\dialog\alert\alert.component.js
C:\Users\Женя\Repos\kordamenta\kordamentha-pod\KM.POD\Client\dist\out-tsc\src\app\core\components\dialog\alert\alert.component.js.map
C:\Users\Женя\Repos\kordamenta\kordamentha-pod\KM.POD\Client\dist\out-tsc\src\app\client\pages\account\registration\registrationState.service.js
C:\Users\Женя\Repos\kordamenta\kordamentha-pod\KM.POD\Client\dist\out-tsc\src\app\client\pages\account\registration\registrationState.service.js.map
C:\Users\Женя\Repos\kordamenta\kordamentha-pod\KM.POD\Client\dist\out-tsc\src\app\core\components\dialog\privacy-politics\privacy-politics.component.js
C:\Users\Женя\Repos\kordamenta\kordamentha-pod\KM.POD\Client\dist\out-tsc\src\app\core\components\dialog\privacy-politics\privacy-politics.component.js.map
C:\Users\Женя\Repos\kordamenta\kordamentha-pod\KM.POD\Client\dist\out-tsc\src\app\client\pages\account\registration\registration.component.js
C:\Users\Женя\Repos\kordamenta\kordamentha-pod\KM.POD\Client\dist\out-tsc\src\app\client\pages\account\registration\registration.component.js.map
C:\Users\Женя\Repos\kordamenta\kordamentha-pod\KM.POD\Client\dist\out-tsc\src\app\client\pages\account\registration\verification.component.js
C:\Users\Женя\Repos\kordamenta\kordamentha-pod\KM.POD\Client\dist\out-tsc\src\app\client\pages\account\registration\verification.component.js.map
C:\Users\Женя\Repos\kordamenta\kordamentha-pod\KM.POD\Client\dist\out-tsc\src\app\client\pages\account\registration\password.component.js
C:\Users\Женя\Repos\kordamenta\kordamentha-pod\KM.POD\Client\dist\out-tsc\src\app\client\pages\account\registration\password.component.js.map
C:\Users\Женя\Repos\kordamenta\kordamentha-pod\KM.POD\Client\dist\out-tsc\src\app\client\pages\account\registration\page.service.js
C:\Users\Женя\Repos\kordamenta\kordamentha-pod\KM.POD\Client\dist\out-tsc\src\app\client\pages\account\registration\page.service.js.map
C:\Users\Женя\Repos\kordamenta\kordamentha-pod\KM.POD\Client\dist\out-tsc\src\app\client\pages\account\signIn\signIn.component.js
C:\Users\Женя\Repos\kordamenta\kordamentha-pod\KM.POD\Client\dist\out-tsc\src\app\client\pages\account\signIn\signIn.component.js.map
C:\Users\Женя\Repos\kordamenta\kordamentha-pod\KM.POD\Client\dist\out-tsc\src\app\core\services\shared\page.directive.js
C:\Users\Женя\Repos\kordamenta\kordamentha-pod\KM.POD\Client\dist\out-tsc\src\app\core\services\shared\page.directive.js.map
C:\Users\Женя\Repos\kordamenta\kordamentha-pod\KM.POD\Client\dist\out-tsc\src\app\client\pages\account\registration\container.component.js
C:\Users\Женя\Repos\kordamenta\kordamentha-pod\KM.POD\Client\dist\out-tsc\src\app\client\pages\account\registration\container.component.js.map
C:\Users\Женя\Repos\kordamenta\kordamentha-pod\KM.POD\Client\dist\out-tsc\src\app\client\pages\account\changePassword\resetPassword.component.js
C:\Users\Женя\Repos\kordamenta\kordamentha-pod\KM.POD\Client\dist\out-tsc\src\app\client\pages\account\changePassword\resetPassword.component.js.map
C:\Users\Женя\Repos\kordamenta\kordamentha-pod\KM.POD\Client\dist\out-tsc\src\app\client\pages\account\changePassword\provideEmail.component.js
C:\Users\Женя\Repos\kordamenta\kordamentha-pod\KM.POD\Client\dist\out-tsc\src\app\client\pages\account\changePassword\provideEmail.component.js.map
C:\Users\Женя\Repos\kordamenta\kordamentha-pod\KM.POD\Client\dist\out-tsc\src\app\client\pages\home\mock\cities-data.mock.js
C:\Users\Женя\Repos\kordamenta\kordamentha-pod\KM.POD\Client\dist\out-tsc\src\app\client\pages\home\mock\cities-data.mock.js.map
C:\Users\Женя\Repos\kordamenta\kordamentha-pod\KM.POD\Client\dist\out-tsc\src\app\client\pages\home\home.component.js
C:\Users\Женя\Repos\kordamenta\kordamentha-pod\KM.POD\Client\dist\out-tsc\src\app\client\pages\home\home.component.js.map
C:\Users\Женя\Repos\kordamenta\kordamentha-pod\KM.POD\Client\dist\out-tsc\src\app\client\pages\welcome\welcome.component.js
C:\Users\Женя\Repos\kordamenta\kordamentha-pod\KM.POD\Client\dist\out-tsc\src\app\client\pages\welcome\welcome.component.js.map
C:\Users\Женя\Repos\kordamenta\kordamentha-pod\KM.POD\Client\dist\out-tsc\src\app\client\pages\main-page\main-page.component.js
C:\Users\Женя\Repos\kordamenta\kordamentha-pod\KM.POD\Client\dist\out-tsc\src\app\client\pages\main-page\main-page.component.js.map
C:\Users\Женя\Repos\kordamenta\kordamentha-pod\KM.POD\Client\dist\out-tsc\src\app\client\pages\account-management\account-management.component.js
C:\Users\Женя\Repos\kordamenta\kordamentha-pod\KM.POD\Client\dist\out-tsc\src\app\client\pages\account-management\account-management.component.js.map
C:\Users\Женя\Repos\kordamenta\kordamentha-pod\KM.POD\Client\dist\out-tsc\src\app\client\pages\account-management\account-aside\account-aside.component.js
C:\Users\Женя\Repos\kordamenta\kordamentha-pod\KM.POD\Client\dist\out-tsc\src\app\client\pages\account-management\account-aside\account-aside.component.js.map
C:\Users\Женя\Repos\kordamenta\kordamentha-pod\KM.POD\Client\dist\out-tsc\src\app\client\pages\account-management\account-page\account-page.component.js
C:\Users\Женя\Repos\kordamenta\kordamentha-pod\KM.POD\Client\dist\out-tsc\src\app\client\pages\account-management\account-page\account-page.component.js.map
C:\Users\Женя\Repos\kordamenta\kordamentha-pod\KM.POD\Client\dist\out-tsc\src\app\app.routing.module.js
C:\Users\Женя\Repos\kordamenta\kordamentha-pod\KM.POD\Client\dist\out-tsc\src\app\app.routing.module.js.map
C:\Users\Женя\Repos\kordamenta\kordamentha-pod\KM.POD\Client\dist\out-tsc\src\app\core\directives\directives.module.js
C:\Users\Женя\Repos\kordamenta\kordamentha-pod\KM.POD\Client\dist\out-tsc\src\app\core\directives\directives.module.js.map
C:\Users\Женя\Repos\kordamenta\kordamentha-pod\KM.POD\Client\dist\out-tsc\src\app\core\components\constants\date.constants.js
C:\Users\Женя\Repos\kordamenta\kordamentha-pod\KM.POD\Client\dist\out-tsc\src\app\core\components\constants\date.constants.js.map
C:\Users\Женя\Repos\kordamenta\kordamentha-pod\KM.POD\Client\dist\out-tsc\src\app\core\components\models\dropdown-item.model.js
C:\Users\Женя\Repos\kordamenta\kordamentha-pod\KM.POD\Client\dist\out-tsc\src\app\core\components\models\dropdown-item.model.js.map
C:\Users\Женя\Repos\kordamenta\kordamentha-pod\KM.POD\Client\dist\out-tsc\src\app\core\components\input\input.model.js
C:\Users\Женя\Repos\kordamenta\kordamentha-pod\KM.POD\Client\dist\out-tsc\src\app\core\components\input\input.model.js.map
C:\Users\Женя\Repos\kordamenta\kordamentha-pod\KM.POD\Client\dist\out-tsc\src\app\core\components\input\input.component.js
C:\Users\Женя\Repos\kordamenta\kordamentha-pod\KM.POD\Client\dist\out-tsc\src\app\core\components\input\input.component.js.map
C:\Users\Женя\Repos\kordamenta\kordamentha-pod\KM.POD\Client\dist\out-tsc\src\app\core\components\models\checkbox-item.model.js
C:\Users\Женя\Repos\kordamenta\kordamentha-pod\KM.POD\Client\dist\out-tsc\src\app\core\components\models\checkbox-item.model.js.map
C:\Users\Женя\Repos\kordamenta\kordamentha-pod\KM.POD\Client\dist\out-tsc\src\app\client\pages\about\about.component.js
C:\Users\Женя\Repos\kordamenta\kordamentha-pod\KM.POD\Client\dist\out-tsc\src\app\client\pages\about\about.component.js.map
C:\Users\Женя\Repos\kordamenta\kordamentha-pod\KM.POD\Client\dist\out-tsc\src\app\core\services\authentification\authentication.module.js
C:\Users\Женя\Repos\kordamenta\kordamentha-pod\KM.POD\Client\dist\out-tsc\src\app\core\services\authentification\authentication.module.js.map
C:\Users\Женя\Repos\kordamenta\kordamentha-pod\KM.POD\Client\dist\out-tsc\src\app\core\components\dialog\dialog.module.js
C:\Users\Женя\Repos\kordamenta\kordamentha-pod\KM.POD\Client\dist\out-tsc\src\app\core\components\dialog\dialog.module.js.map
C:\Users\Женя\Repos\kordamenta\kordamentha-pod\KM.POD\Client\dist\out-tsc\src\app\core\components\models\error-dialog.component.js
C:\Users\Женя\Repos\kordamenta\kordamentha-pod\KM.POD\Client\dist\out-tsc\src\app\core\components\models\error-dialog.component.js.map
C:\Users\Женя\Repos\kordamenta\kordamentha-pod\KM.POD\Client\dist\out-tsc\src\app\client\pages\main-page\company-info\company-info.component.js
C:\Users\Женя\Repos\kordamenta\kordamentha-pod\KM.POD\Client\dist\out-tsc\src\app\client\pages\main-page\company-info\company-info.component.js.map
C:\Users\Женя\Repos\kordamenta\kordamentha-pod\KM.POD\Client\dist\out-tsc\src\app\client\pages\main-page\company-selection\company-selection.component.js
C:\Users\Женя\Repos\kordamenta\kordamentha-pod\KM.POD\Client\dist\out-tsc\src\app\client\pages\main-page\company-selection\company-selection.component.js.map
C:\Users\Женя\Repos\kordamenta\kordamentha-pod\KM.POD\Client\dist\out-tsc\src\app\core\components\header\header.component.js
C:\Users\Женя\Repos\kordamenta\kordamentha-pod\KM.POD\Client\dist\out-tsc\src\app\core\components\header\header.component.js.map
C:\Users\Женя\Repos\kordamenta\kordamentha-pod\KM.POD\Client\dist\out-tsc\src\app\core\components\header\header.module.js
C:\Users\Женя\Repos\kordamenta\kordamentha-pod\KM.POD\Client\dist\out-tsc\src\app\core\components\header\header.module.js.map
C:\Users\Женя\Repos\kordamenta\kordamentha-pod\KM.POD\Client\dist\out-tsc\src\app\core\components\footer\footer.component.js
C:\Users\Женя\Repos\kordamenta\kordamentha-pod\KM.POD\Client\dist\out-tsc\src\app\core\components\footer\footer.component.js.map
C:\Users\Женя\Repos\kordamenta\kordamentha-pod\KM.POD\Client\dist\out-tsc\src\app\core\components\footer\footer.module.js
C:\Users\Женя\Repos\kordamenta\kordamentha-pod\KM.POD\Client\dist\out-tsc\src\app\core\components\footer\footer.module.js.map
C:\Users\Женя\Repos\kordamenta\kordamentha-pod\KM.POD\Client\dist\out-tsc\src\app\client\pages\main-page\main-page.module.js
C:\Users\Женя\Repos\kordamenta\kordamentha-pod\KM.POD\Client\dist\out-tsc\src\app\client\pages\main-page\main-page.module.js.map
C:\Users\Женя\Repos\kordamenta\kordamentha-pod\KM.POD\Client\dist\out-tsc\src\app\client\pages\account-management\account-aside\account-aside.module.js
C:\Users\Женя\Repos\kordamenta\kordamentha-pod\KM.POD\Client\dist\out-tsc\src\app\client\pages\account-management\account-aside\account-aside.module.js.map
C:\Users\Женя\Repos\kordamenta\kordamentha-pod\KM.POD\Client\dist\out-tsc\src\app\client\pages\account-management\account-page\account-page.module.js
C:\Users\Женя\Repos\kordamenta\kordamentha-pod\KM.POD\Client\dist\out-tsc\src\app\client\pages\account-management\account-page\account-page.module.js.map
C:\Users\Женя\Repos\kordamenta\kordamentha-pod\KM.POD\Client\dist\out-tsc\src\app\client\pages\account-management\account-management.module.js
C:\Users\Женя\Repos\kordamenta\kordamentha-pod\KM.POD\Client\dist\out-tsc\src\app\client\pages\account-management\account-management.module.js.map
C:\Users\Женя\Repos\kordamenta\kordamentha-pod\KM.POD\Client\dist\out-tsc\src\app\app.module.js
C:\Users\Женя\Repos\kordamenta\kordamentha-pod\KM.POD\Client\dist\out-tsc\src\app\app.module.js.map
C:\Users\Женя\Repos\kordamenta\kordamentha-pod\KM.POD\Client\dist\out-tsc\src\environments\environment.js
C:\Users\Женя\Repos\kordamenta\kordamentha-pod\KM.POD\Client\dist\out-tsc\src\environments\environment.js.map
C:\Users\Женя\Repos\kordamenta\kordamentha-pod\KM.POD\Client\dist\out-tsc\src\main.js
C:\Users\Женя\Repos\kordamenta\kordamentha-pod\KM.POD\Client\dist\out-tsc\src\main.js.map
C:\Users\Женя\Repos\kordamenta\kordamentha-pod\KM.POD\Client\dist\out-tsc\src\polyfills.js
C:\Users\Женя\Repos\kordamenta\kordamentha-pod\KM.POD\Client\dist\out-tsc\src\polyfills.js.map
C:\Users\Женя\Repos\kordamenta\kordamentha-pod\KM.POD\Client\dist\out-tsc\src\test.js
C:\Users\Женя\Repos\kordamenta\kordamentha-pod\KM.POD\Client\dist\out-tsc\src\test.js.map
C:\Users\Женя\Repos\kordamenta\kordamentha-pod\KM.POD\Client\dist\out-tsc\e2e\src\app.po.js
C:\Users\Женя\Repos\kordamenta\kordamentha-pod\KM.POD\Client\dist\out-tsc\e2e\src\app.po.js.map
C:\Users\Женя\Repos\kordamenta\kordamentha-pod\KM.POD\Client\dist\out-tsc\e2e\src\app.e2e-spec.js
C:\Users\Женя\Repos\kordamenta\kordamentha-pod\KM.POD\Client\dist\out-tsc\e2e\src\app.e2e-spec.js.map
C:\Users\Женя\Repos\kordamenta\kordamentha-pod\KM.POD\Client\dist\out-tsc\src\app\app.component.spec.js
C:\Users\Женя\Repos\kordamenta\kordamentha-pod\KM.POD\Client\dist\out-tsc\src\app\app.component.spec.js.map
C:\Users\Женя\Repos\kordamenta\kordamentha-pod\KM.POD\Client\dist\out-tsc\src\app\client\pages\pages.module.js
C:\Users\Женя\Repos\kordamenta\kordamentha-pod\KM.POD\Client\dist\out-tsc\src\app\client\pages\pages.module.js.map
C:\Users\Женя\Repos\kordamenta\kordamentha-pod\KM.POD\Client\dist\out-tsc\src\app\client\pages\pages.routing.js
C:\Users\Женя\Repos\kordamenta\kordamentha-pod\KM.POD\Client\dist\out-tsc\src\app\client\pages\pages.routing.js.map
C:\Users\Женя\Repos\kordamenta\kordamentha-pod\KM.POD\Client\dist\out-tsc\src\app\core\components\unsubscribable-component.js
C:\Users\Женя\Repos\kordamenta\kordamentha-pod\KM.POD\Client\dist\out-tsc\src\app\core\components\unsubscribable-component.js.map
C:\Users\Женя\Repos\kordamenta\kordamentha-pod\KM.POD\Client\dist\out-tsc\src\app\core\directives\tooltip.directive.js
C:\Users\Женя\Repos\kordamenta\kordamentha-pod\KM.POD\Client\dist\out-tsc\src\app\core\directives\tooltip.directive.js.map
C:\Users\Женя\Repos\kordamenta\kordamentha-pod\KM.POD\Client\dist\out-tsc\src\app\client\pages\account-management\account-management.component.spec.js
C:\Users\Женя\Repos\kordamenta\kordamentha-pod\KM.POD\Client\dist\out-tsc\src\app\client\pages\account-management\account-management.component.spec.js.map
C:\Users\Женя\Repos\kordamenta\kordamentha-pod\KM.POD\Client\dist\out-tsc\src\app\client\pages\account-management\account-management.module.spec.js
C:\Users\Женя\Repos\kordamenta\kordamentha-pod\KM.POD\Client\dist\out-tsc\src\app\client\pages\account-management\account-management.module.spec.js.map
C:\Users\Женя\Repos\kordamenta\kordamentha-pod\KM.POD\Client\dist\out-tsc\src\app\client\pages\contact\contact.component.js
C:\Users\Женя\Repos\kordamenta\kordamentha-pod\KM.POD\Client\dist\out-tsc\src\app\client\pages\contact\contact.component.js.map
C:\Users\Женя\Repos\kordamenta\kordamentha-pod\KM.POD\Client\dist\out-tsc\src\app\client\pages\dashboard\dashboard.component.js
C:\Users\Женя\Repos\kordamenta\kordamentha-pod\KM.POD\Client\dist\out-tsc\src\app\client\pages\dashboard\dashboard.component.js.map
C:\Users\Женя\Repos\kordamenta\kordamentha-pod\KM.POD\Client\dist\out-tsc\src\app\client\pages\footer\footer.component.js
C:\Users\Женя\Repos\kordamenta\kordamentha-pod\KM.POD\Client\dist\out-tsc\src\app\client\pages\footer\footer.component.js.map
C:\Users\Женя\Repos\kordamenta\kordamentha-pod\KM.POD\Client\dist\out-tsc\src\app\client\pages\main-page\main-page.module.spec.js
C:\Users\Женя\Repos\kordamenta\kordamentha-pod\KM.POD\Client\dist\out-tsc\src\app\client\pages\main-page\main-page.module.spec.js.map
C:\Users\Женя\Repos\kordamenta\kordamentha-pod\KM.POD\Client\dist\out-tsc\src\app\core\components\constants\content-type.constants.js
C:\Users\Женя\Repos\kordamenta\kordamentha-pod\KM.POD\Client\dist\out-tsc\src\app\core\components\constants\content-type.constants.js.map
C:\Users\Женя\Repos\kordamenta\kordamentha-pod\KM.POD\Client\dist\out-tsc\src\app\core\components\footer\footer.component.spec.js
C:\Users\Женя\Repos\kordamenta\kordamentha-pod\KM.POD\Client\dist\out-tsc\src\app\core\components\footer\footer.component.spec.js.map
C:\Users\Женя\Repos\kordamenta\kordamentha-pod\KM.POD\Client\dist\out-tsc\src\app\core\components\footer\footer.module.spec.js
C:\Users\Женя\Repos\kordamenta\kordamentha-pod\KM.POD\Client\dist\out-tsc\src\app\core\components\footer\footer.module.spec.js.map
C:\Users\Женя\Repos\kordamenta\kordamentha-pod\KM.POD\Client\dist\out-tsc\src\app\core\components\header\header.component.spec.js
C:\Users\Женя\Repos\kordamenta\kordamentha-pod\KM.POD\Client\dist\out-tsc\src\app\core\components\header\header.component.spec.js.map
C:\Users\Женя\Repos\kordamenta\kordamentha-pod\KM.POD\Client\dist\out-tsc\src\app\core\components\header\header.module.spec.js
C:\Users\Женя\Repos\kordamenta\kordamentha-pod\KM.POD\Client\dist\out-tsc\src\app\core\components\header\header.module.spec.js.map
C:\Users\Женя\Repos\kordamenta\kordamentha-pod\KM.POD\Client\dist\out-tsc\src\app\core\components\modals\modals.service.js
C:\Users\Женя\Repos\kordamenta\kordamentha-pod\KM.POD\Client\dist\out-tsc\src\app\core\components\modals\modals.service.js.map
C:\Users\Женя\Repos\kordamenta\kordamentha-pod\KM.POD\Client\dist\out-tsc\src\app\core\components\notification\notification.js
C:\Users\Женя\Repos\kordamenta\kordamentha-pod\KM.POD\Client\dist\out-tsc\src\app\core\components\notification\notification.js.map
C:\Users\Женя\Repos\kordamenta\kordamentha-pod\KM.POD\Client\dist\out-tsc\src\app\core\components\notification\notification.service.js
C:\Users\Женя\Repos\kordamenta\kordamentha-pod\KM.POD\Client\dist\out-tsc\src\app\core\components\notification\notification.service.js.map
C:\Users\Женя\Repos\kordamenta\kordamentha-pod\KM.POD\Client\dist\out-tsc\src\app\core\services\shared\signalr.service.js
C:\Users\Женя\Repos\kordamenta\kordamentha-pod\KM.POD\Client\dist\out-tsc\src\app\core\services\shared\signalr.service.js.map
C:\Users\Женя\Repos\kordamenta\kordamentha-pod\KM.POD\Client\dist\out-tsc\src\app\client\pages\account\userProfile\user-profile.component.js
C:\Users\Женя\Repos\kordamenta\kordamentha-pod\KM.POD\Client\dist\out-tsc\src\app\client\pages\account\userProfile\user-profile.component.js.map
C:\Users\Женя\Repos\kordamenta\kordamentha-pod\KM.POD\Client\dist\out-tsc\src\app\client\pages\account-management\account-aside\account-aside.component.spec.js
C:\Users\Женя\Repos\kordamenta\kordamentha-pod\KM.POD\Client\dist\out-tsc\src\app\client\pages\account-management\account-aside\account-aside.component.spec.js.map
C:\Users\Женя\Repos\kordamenta\kordamentha-pod\KM.POD\Client\dist\out-tsc\src\app\client\pages\account-management\account-aside\account-aside.module.spec.js
C:\Users\Женя\Repos\kordamenta\kordamentha-pod\KM.POD\Client\dist\out-tsc\src\app\client\pages\account-management\account-aside\account-aside.module.spec.js.map
C:\Users\Женя\Repos\kordamenta\kordamentha-pod\KM.POD\Client\dist\out-tsc\src\app\client\pages\account-management\account-page\account-page.component.spec.js
C:\Users\Женя\Repos\kordamenta\kordamentha-pod\KM.POD\Client\dist\out-tsc\src\app\client\pages\account-management\account-page\account-page.component.spec.js.map
C:\Users\Женя\Repos\kordamenta\kordamentha-pod\KM.POD\Client\dist\out-tsc\src\app\client\pages\account-management\account-page\account-page.module.spec.js
C:\Users\Женя\Repos\kordamenta\kordamentha-pod\KM.POD\Client\dist\out-tsc\src\app\client\pages\account-management\account-page\account-page.module.spec.js.map
C:\Users\Женя\Repos\kordamenta\kordamentha-pod\KM.POD\Client\dist\out-tsc\src\app\client\pages\account-management\models\account.model.js
C:\Users\Женя\Repos\kordamenta\kordamentha-pod\KM.POD\Client\dist\out-tsc\src\app\client\pages\account-management\models\account.model.js.map
C:\Users\Женя\Repos\kordamenta\kordamentha-pod\KM.POD\Client\dist\out-tsc\src\app\client\pages\account-management\services\account.service.js
C:\Users\Женя\Repos\kordamenta\kordamentha-pod\KM.POD\Client\dist\out-tsc\src\app\client\pages\account-management\services\account.service.js.map
C:\Users\Женя\Repos\kordamenta\kordamentha-pod\KM.POD\Client\dist\out-tsc\src\app\client\pages\main-page\company-info\company-info.component.spec.js
C:\Users\Женя\Repos\kordamenta\kordamentha-pod\KM.POD\Client\dist\out-tsc\src\app\client\pages\main-page\company-info\company-info.component.spec.js.map
C:\Users\Женя\Repos\kordamenta\kordamentha-pod\KM.POD\Client\dist\out-tsc\src\app\client\pages\main-page\company-selection\company-selection.component.spec.js
C:\Users\Женя\Repos\kordamenta\kordamentha-pod\KM.POD\Client\dist\out-tsc\src\app\client\pages\main-page\company-selection\company-selection.component.spec.js.map
